Using pre-set license
Built from '2020.2/staging' branch; Version is '2020.2.3f1 (8ff31bc5bf5b) revision 9433883'; Using compiler version '192528614'; Build Type 'Release'
OS: 'Windows 10 Pro; OS build 22631.4317; Version 2009; 64bit' Language: 'en' Physical Memory: 15733 MB
BatchMode: 1, IsHumanControllingUs: 0, StartBugReporterOnCrash: 0, Is64bit: 1, IsPro: 0

 COMMAND LINE ARGUMENTS:
D:\Unity Editor\2020.2.3f1\Editor\Unity.exe
-adb2
-batchMode
-noUpm
-name
AssetImportWorker0
-projectPath
D:/Unity Project/New folder/7-9-24
-logFile
Logs/AssetImportWorker0.log
-srvPort
62883
Successfully changed project path to: D:/Unity Project/New folder/7-9-24
D:/Unity Project/New folder/7-9-24
Using Asset Import Pipeline V2.
Refreshing native plugins compatible for Editor in 67.69 ms, found 1 plugins.
Preloading 0 native plugins for Editor in 0.00 ms.
Initialize engine version: 2020.2.3f1 (8ff31bc5bf5b)
[Subsystems] Discovering subsystems at path D:/Unity Editor/2020.2.3f1/Editor/Data/Resources/UnitySubsystems
[Subsystems] Discovering subsystems at path D:/Unity Project/New folder/7-9-24/Assets
GfxDevice: creating device client; threaded=0
Direct3D:
    Version:  Direct3D 11.0 [level 11.1]
    Renderer: AMD Radeon(TM) Graphics (ID=0x164c)
    Vendor:   
    VRAM:     7866 MB
    Driver:   31.0.12042.2002
Initialize mono
Mono path[0] = 'D:/Unity Editor/2020.2.3f1/Editor/Data/Managed'
Mono path[1] = 'D:/Unity Editor/2020.2.3f1/Editor/Data/MonoBleedingEdge/lib/mono/unityjit'
Mono config path = 'D:/Unity Editor/2020.2.3f1/Editor/Data/MonoBleedingEdge/etc'
Using monoOptions --debugger-agent=transport=dt_socket,embedding=1,server=y,suspend=n,address=127.0.0.1:56116
Begin MonoManager ReloadAssembly
Registering precompiled unity dll's ...
Register platform support module: D:/Unity Editor/2020.2.3f1/Editor/Data/PlaybackEngines/WindowsStandaloneSupport/UnityEditor.WindowsStandalone.Extensions.dll
Registered in 0.000958 seconds.
Native extension for WindowsStandalone target not found
Refreshing native plugins compatible for Editor in 57.15 ms, found 1 plugins.
Preloading 0 native plugins for Editor in 0.00 ms.
Invoked RoslynAnalysisRunner static constructor.
RoslynAnalysisRunner will not be running.
RoslynAnalysisRunner has terminated.
Mono: successfully reloaded assembly
- Completed reload, in  1.404 seconds
Platform modules already initialized, skipping
Registering precompiled user dll's ...
Registered in 0.001097 seconds.
Begin MonoManager ReloadAssembly
Native extension for WindowsStandalone target not found
Refreshing native plugins compatible for Editor in 49.67 ms, found 1 plugins.
Preloading 0 native plugins for Editor in 0.00 ms.
Invoked RoslynAnalysisRunner static constructor.
RoslynAnalysisRunner will not be running.
RoslynAnalysisRunner has terminated.
Mono: successfully reloaded assembly
- Completed reload, in  1.152 seconds
Platform modules already initialized, skipping
========================================================================
Worker process is ready to serve import requests
Launched and connected shader compiler UnityShaderCompiler.exe after 0.05 seconds
Refreshing native plugins compatible for Editor in 0.55 ms, found 1 plugins.
Preloading 0 native plugins for Editor in 0.00 ms.
Unloading 1970 Unused Serialized files (Serialized files now loaded: 0)
System memory in use before: 90.3 MB.
System memory in use after: 90.3 MB.

Unloading 25 unused Assets to reduce memory usage. Loaded Objects now: 2413.
Total: 2.554500 ms (FindLiveObjects: 0.276100 ms CreateObjectMapping: 0.072200 ms MarkObjects: 2.065300 ms  DeleteObjects: 0.139300 ms)

========================================================================
Received Import Request.
  path: Assets/Scenes/Lvl4 1.unity
  artifactKey: Guid(7c8b2cd9275e8e847a53078c7d9b8951) Importer(815301076,1909f56bfc062723c751e8b465ee728b)
Start importing Assets/Scenes/Lvl4 1.unity using Guid(7c8b2cd9275e8e847a53078c7d9b8951) Importer(815301076,1909f56bfc062723c751e8b465ee728b)  -> (artifact id: 'fdd861c853ffce26a8386d705421ff75') in 0.021816 seconds
  Import took 0.025499 seconds .

========================================================================
Received Import Request.
  Time since last request: 4.192802 seconds.
  path: Assets/Scenes/Lvl5.unity
  artifactKey: Guid(7c8b2cd9275e8e847a53078c7d9b8951) Importer(815301076,1909f56bfc062723c751e8b465ee728b)
Start importing Assets/Scenes/Lvl5.unity using Guid(7c8b2cd9275e8e847a53078c7d9b8951) Importer(815301076,1909f56bfc062723c751e8b465ee728b)  -> (artifact id: '44af6a3bbf1ec0500ab297297b35110f') in 0.011221 seconds
  Import took 0.015012 seconds .

========================================================================
Received Import Request.
  Time since last request: 8789.929259 seconds.
  path: Packages/com.unity.collab-proxy/Editor/Assets/Icons/added-file-dark.png
  artifactKey: Guid(1a4f52b613391cd449af3ad2e44affeb) Importer(815301076,1909f56bfc062723c751e8b465ee728b)
Start importing Packages/com.unity.collab-proxy/Editor/Assets/Icons/added-file-dark.png using Guid(1a4f52b613391cd449af3ad2e44affeb) Importer(815301076,1909f56bfc062723c751e8b465ee728b)  -> (artifact id: '5630d2b67ba9d3a5d7514bec8848b0bd') in 0.223394 seconds
  Import took 0.231938 seconds .

========================================================================
Received Import Request.
  Time since last request: 0.000362 seconds.
  path: Packages/com.unity.collab-proxy/Editor/Assets/Icons/back-light@2x.png
  artifactKey: Guid(f5c57327df0fa294c8209aa216435167) Importer(815301076,1909f56bfc062723c751e8b465ee728b)
Start importing Packages/com.unity.collab-proxy/Editor/Assets/Icons/back-light@2x.png using Guid(f5c57327df0fa294c8209aa216435167) Importer(815301076,1909f56bfc062723c751e8b465ee728b)  -> (artifact id: 'f1e1934b596a1e84c48b4088949fc1be') in 0.028075 seconds
  Import took 0.032288 seconds .

========================================================================
Received Import Request.
  Time since last request: 0.000320 seconds.
  path: Packages/com.unity.collab-proxy/Editor/Assets/Icons/back-dark.png
  artifactKey: Guid(8e3ec2dfd58b79842aa78376678a9a05) Importer(815301076,1909f56bfc062723c751e8b465ee728b)
Start importing Packages/com.unity.collab-proxy/Editor/Assets/Icons/back-dark.png using Guid(8e3ec2dfd58b79842aa78376678a9a05) Importer(815301076,1909f56bfc062723c751e8b465ee728b)  -> (artifact id: '890e2a09095f0d60c05167161f1f462a') in 0.032836 seconds
  Import took 0.037432 seconds .

========================================================================
Received Import Request.
  Time since last request: 0.000373 seconds.
  path: Packages/com.unity.collab-proxy/Editor/Assets/Icons/back-dark@2x.png
  artifactKey: Guid(9c6313a5316f8a34b852bf94ff96e3ab) Importer(815301076,1909f56bfc062723c751e8b465ee728b)
Start importing Packages/com.unity.collab-proxy/Editor/Assets/Icons/back-dark@2x.png using Guid(9c6313a5316f8a34b852bf94ff96e3ab) Importer(815301076,1909f56bfc062723c751e8b465ee728b)  -> (artifact id: 'ce374b0f7fe5d1db84f1729092b2524d') in 0.024697 seconds
  Import took 0.029689 seconds .

========================================================================
Received Import Request.
  Time since last request: 0.000344 seconds.
  path: Packages/com.unity.collab-proxy/Editor/Assets/Icons/added-file-dark.png
  artifactKey: Guid(1a4f52b613391cd449af3ad2e44affeb) Importer(815301076,1909f56bfc062723c751e8b465ee728b)
Start importing Packages/com.unity.collab-proxy/Editor/Assets/Icons/added-file-dark.png using Guid(1a4f52b613391cd449af3ad2e44affeb) Importer(815301076,1909f56bfc062723c751e8b465ee728b)  -> (artifact id: '5630d2b67ba9d3a5d7514bec8848b0bd') in 0.009522 seconds
  Import took 0.013526 seconds .

========================================================================
Received Import Request.
  Time since last request: 0.000502 seconds.
  path: Packages/com.unity.collab-proxy/Editor/Assets/Icons/added-file-dark@2x.png
  artifactKey: Guid(c223e0c507e2c6549a2cb97441b62cbe) Importer(815301076,1909f56bfc062723c751e8b465ee728b)
Start importing Packages/com.unity.collab-proxy/Editor/Assets/Icons/added-file-dark@2x.png using Guid(c223e0c507e2c6549a2cb97441b62cbe) Importer(815301076,1909f56bfc062723c751e8b465ee728b)  -> (artifact id: '5aea3a2b89898209572485cda4575821') in 0.027621 seconds
  Import took 0.032025 seconds .

========================================================================
Received Import Request.
  Time since last request: 0.000369 seconds.
  path: Packages/com.unity.collab-proxy/Editor/Assets/Icons/added-file-light@2x.png
  artifactKey: Guid(ec2e3aa6d0ab8ce4eac29b56d65d61d5) Importer(815301076,1909f56bfc062723c751e8b465ee728b)
Start importing Packages/com.unity.collab-proxy/Editor/Assets/Icons/added-file-light@2x.png using Guid(ec2e3aa6d0ab8ce4eac29b56d65d61d5) Importer(815301076,1909f56bfc062723c751e8b465ee728b)  -> (artifact id: 'e4f5729b365c8bedbc794bd4688f3fcb') in 0.027918 seconds
  Import took 0.032294 seconds .

========================================================================
Received Import Request.
  Time since last request: 0.000340 seconds.
  path: Packages/com.unity.collab-proxy/Editor/Assets/Icons/back-light.png
  artifactKey: Guid(e676ab7aa99535447a763c9f88bf9260) Importer(815301076,1909f56bfc062723c751e8b465ee728b)
Start importing Packages/com.unity.collab-proxy/Editor/Assets/Icons/back-light.png using Guid(e676ab7aa99535447a763c9f88bf9260) Importer(815301076,1909f56bfc062723c751e8b465ee728b)  -> (artifact id: '4f9591bb0550d494a2bcb1674cd715b9') in 0.025847 seconds
  Import took 0.030885 seconds .

========================================================================
Received Import Request.
  Time since last request: 0.000390 seconds.
  path: Packages/com.unity.collab-proxy/Editor/Assets/Icons/added-file-light.png
  artifactKey: Guid(397fff6c3885f8343bb65714f0064b5d) Importer(815301076,1909f56bfc062723c751e8b465ee728b)
Start importing Packages/com.unity.collab-proxy/Editor/Assets/Icons/added-file-light.png using Guid(397fff6c3885f8343bb65714f0064b5d) Importer(815301076,1909f56bfc062723c751e8b465ee728b)  -> (artifact id: '1ba2ac6e17eb0623f7a3a6a38eee6ec8') in 0.032048 seconds
  Import took 0.036230 seconds .

========================================================================
Received Import Request.
  Time since last request: 0.006087 seconds.
  path: Packages/com.unity.collab-proxy/Editor/Assets/Icons/back-light.png
  artifactKey: Guid(e676ab7aa99535447a763c9f88bf9260) Importer(815301076,1909f56bfc062723c751e8b465ee728b)
Start importing Packages/com.unity.collab-proxy/Editor/Assets/Icons/back-light.png using Guid(e676ab7aa99535447a763c9f88bf9260) Importer(815301076,1909f56bfc062723c751e8b465ee728b)  -> (artifact id: '4f9591bb0550d494a2bcb1674cd715b9') in 0.008119 seconds
  Import took 0.013806 seconds .

========================================================================
Received Import Request.
  Time since last request: 3.412882 seconds.
  path: Packages/com.unity.textmeshpro/Editor Resources/Textures/btn_AlignBaseLine.psd
  artifactKey: Guid(8bc445bb79654bf496c92d0407840a92) Importer(815301076,1909f56bfc062723c751e8b465ee728b)
Start importing Packages/com.unity.textmeshpro/Editor Resources/Textures/btn_AlignBaseLine.psd using Guid(8bc445bb79654bf496c92d0407840a92) Importer(815301076,1909f56bfc062723c751e8b465ee728b)  -> (artifact id: 'ce718227ebc7d295d759341127c3a3e0') in 0.033586 seconds
  Import took 0.037683 seconds .

========================================================================
Received Import Request.
  Time since last request: 0.000376 seconds.
  path: Packages/com.unity.textmeshpro/Editor Resources/Textures/btn_AlignBaseLine_Light.psd
  artifactKey: Guid(18775b51e3bd42299fd30bd036ea982f) Importer(815301076,1909f56bfc062723c751e8b465ee728b)
Start importing Packages/com.unity.textmeshpro/Editor Resources/Textures/btn_AlignBaseLine_Light.psd using Guid(18775b51e3bd42299fd30bd036ea982f) Importer(815301076,1909f56bfc062723c751e8b465ee728b)  -> (artifact id: '47862b035a666171340ce11274feb773') in 0.032139 seconds
  Import took 0.036195 seconds .

========================================================================
Received Import Request.
  Time since last request: 0.000419 seconds.
  path: Packages/com.unity.textmeshpro/Editor Resources/Textures/btn_AlignBottom.psd
  artifactKey: Guid(ca51b19024094d1b87f3e07edb0a75fb) Importer(815301076,1909f56bfc062723c751e8b465ee728b)
Start importing Packages/com.unity.textmeshpro/Editor Resources/Textures/btn_AlignBottom.psd using Guid(ca51b19024094d1b87f3e07edb0a75fb) Importer(815301076,1909f56bfc062723c751e8b465ee728b)  -> (artifact id: '1392e8391eccdbca59965e743a363d0a') in 0.033029 seconds
  Import took 0.037207 seconds .

========================================================================
Received Import Request.
  Time since last request: 0.000393 seconds.
  path: Packages/com.unity.textmeshpro/Editor Resources/Textures/btn_AlignBottom_Light.psd
  artifactKey: Guid(585b70cb75dd43efbfead809c30a1731) Importer(815301076,1909f56bfc062723c751e8b465ee728b)
Start importing Packages/com.unity.textmeshpro/Editor Resources/Textures/btn_AlignBottom_Light.psd using Guid(585b70cb75dd43efbfead809c30a1731) Importer(815301076,1909f56bfc062723c751e8b465ee728b)  -> (artifact id: 'cbba2ae7f1789a3c6ce11c260cef1b25') in 0.026895 seconds
  Import took 0.031195 seconds .

========================================================================
Received Import Request.
  Time since last request: 0.058061 seconds.
  path: Packages/com.unity.textmeshpro/Editor Resources/Textures/btn_AlignCapLine.psd
  artifactKey: Guid(0d9a36012a224080966c7b55896aa0f9) Importer(815301076,1909f56bfc062723c751e8b465ee728b)
Start importing Packages/com.unity.textmeshpro/Editor Resources/Textures/btn_AlignCapLine.psd using Guid(0d9a36012a224080966c7b55896aa0f9) Importer(815301076,1909f56bfc062723c751e8b465ee728b)  -> (artifact id: 'fd4694e00983d08e4785f0cfcfbc9887') in 0.037339 seconds
  Import took 0.041705 seconds .

========================================================================
Received Import Request.
  Time since last request: 0.000379 seconds.
  path: Packages/com.unity.textmeshpro/Editor Resources/Textures/btn_AlignCenter.psd
  artifactKey: Guid(81ed8c76d2bc4a4c95d092c98af4e58f) Importer(815301076,1909f56bfc062723c751e8b465ee728b)
Start importing Packages/com.unity.textmeshpro/Editor Resources/Textures/btn_AlignCenter.psd using Guid(81ed8c76d2bc4a4c95d092c98af4e58f) Importer(815301076,1909f56bfc062723c751e8b465ee728b)  -> (artifact id: '1d0daa1ebc629dc4f2b1421cf6d52740') in 0.028232 seconds
  Import took 0.032515 seconds .

========================================================================
Received Import Request.
  Time since last request: 0.000580 seconds.
  path: Packages/com.unity.textmeshpro/Editor Resources/Textures/btn_AlignCenter_Light.psd
  artifactKey: Guid(6ace62d30f494c948b71d5594afce11d) Importer(815301076,1909f56bfc062723c751e8b465ee728b)
Start importing Packages/com.unity.textmeshpro/Editor Resources/Textures/btn_AlignCenter_Light.psd using Guid(6ace62d30f494c948b71d5594afce11d) Importer(815301076,1909f56bfc062723c751e8b465ee728b)  -> (artifact id: 'bac6ca1f4a080e4827300e85cc58cdc0') in 0.027618 seconds
  Import took 0.031924 seconds .

========================================================================
Received Import Request.
  Time since last request: 0.000446 seconds.
  path: Packages/com.unity.textmeshpro/Editor Resources/Textures/btn_AlignCapLine_Light.psd
  artifactKey: Guid(49679f302ac6408697f6b9314a38985c) Importer(815301076,1909f56bfc062723c751e8b465ee728b)
Start importing Packages/com.unity.textmeshpro/Editor Resources/Textures/btn_AlignCapLine_Light.psd using Guid(49679f302ac6408697f6b9314a38985c) Importer(815301076,1909f56bfc062723c751e8b465ee728b)  -> (artifact id: 'e5fb205ffb12fdf2537e68e097c28ecd') in 0.038702 seconds
  Import took 0.043072 seconds .

========================================================================
Received Import Request.
  Time since last request: 0.000273 seconds.
  path: Packages/com.unity.textmeshpro/Editor Resources/Textures/btn_AlignFlush.psd
  artifactKey: Guid(691475c57a824010be0c6f474caeb7e1) Importer(815301076,1909f56bfc062723c751e8b465ee728b)
Start importing Packages/com.unity.textmeshpro/Editor Resources/Textures/btn_AlignFlush.psd using Guid(691475c57a824010be0c6f474caeb7e1) Importer(815301076,1909f56bfc062723c751e8b465ee728b)  -> (artifact id: '8fad9a646b0bfd8700917128ff3c0890') in 0.028636 seconds
  Import took 0.032788 seconds .

========================================================================
Received Import Request.
  Time since last request: 0.000392 seconds.
  path: Packages/com.unity.textmeshpro/Editor Resources/Textures/btn_AlignLeft.psd
  artifactKey: Guid(9288066c33474b94b6ee5465f4df1cc0) Importer(815301076,1909f56bfc062723c751e8b465ee728b)
Start importing Packages/com.unity.textmeshpro/Editor Resources/Textures/btn_AlignLeft.psd using Guid(9288066c33474b94b6ee5465f4df1cc0) Importer(815301076,1909f56bfc062723c751e8b465ee728b)  -> (artifact id: '39945cdcd84a68601be87ec75cc1cb54') in 0.029617 seconds
  Import took 0.035095 seconds .

========================================================================
Received Import Request.
  Time since last request: 0.000501 seconds.
  path: Packages/com.unity.textmeshpro/Editor Resources/Textures/btn_AlignJustified.psd
  artifactKey: Guid(92027f7f8cfc4feaa477da0dc38d3d46) Importer(815301076,1909f56bfc062723c751e8b465ee728b)
Start importing Packages/com.unity.textmeshpro/Editor Resources/Textures/btn_AlignJustified.psd using Guid(92027f7f8cfc4feaa477da0dc38d3d46) Importer(815301076,1909f56bfc062723c751e8b465ee728b)  -> (artifact id: '74875347c46e64d2772091205f5db353') in 0.026228 seconds
  Import took 0.031829 seconds .

========================================================================
Received Import Request.
  Time since last request: 0.000563 seconds.
  path: Packages/com.unity.textmeshpro/Editor Resources/Textures/btn_AlignMidline_Light.psd
  artifactKey: Guid(bb42b2d967d6427983c901a4ffc8ecd9) Importer(815301076,1909f56bfc062723c751e8b465ee728b)
Start importing Packages/com.unity.textmeshpro/Editor Resources/Textures/btn_AlignMidline_Light.psd using Guid(bb42b2d967d6427983c901a4ffc8ecd9) Importer(815301076,1909f56bfc062723c751e8b465ee728b)  -> (artifact id: '6b0b31b00e93a7d169f9357efd073089') in 0.027356 seconds
  Import took 0.031843 seconds .

========================================================================
Received Import Request.
  Time since last request: 0.000296 seconds.
  path: Packages/com.unity.textmeshpro/Editor Resources/Textures/btn_AlignFlush_Light.psd
  artifactKey: Guid(64b9fad609434c489c32b1cdf2004a1c) Importer(815301076,1909f56bfc062723c751e8b465ee728b)
Start importing Packages/com.unity.textmeshpro/Editor Resources/Textures/btn_AlignFlush_Light.psd using Guid(64b9fad609434c489c32b1cdf2004a1c) Importer(815301076,1909f56bfc062723c751e8b465ee728b)  -> (artifact id: 'd58e7bb5d5e3e52c082c3c72f9336bff') in 0.027310 seconds
  Import took 0.032679 seconds .

========================================================================
Received Import Request.
  Time since last request: 0.000362 seconds.
  path: Packages/com.unity.textmeshpro/Editor Resources/Textures/btn_AlignMidLine.psd
  artifactKey: Guid(c2f7f6a88b4c4f20a53deb72f3d9144c) Importer(815301076,1909f56bfc062723c751e8b465ee728b)
Start importing Packages/com.unity.textmeshpro/Editor Resources/Textures/btn_AlignMidLine.psd using Guid(c2f7f6a88b4c4f20a53deb72f3d9144c) Importer(815301076,1909f56bfc062723c751e8b465ee728b)  -> (artifact id: 'c219dd4dba38b47f070bd220c7d01aa8') in 0.025765 seconds
  Import took 0.030438 seconds .

========================================================================
Received Import Request.
  Time since last request: 0.000443 seconds.
  path: Packages/com.unity.textmeshpro/Editor Resources/Textures/btn_AlignLeft_Light.psd
  artifactKey: Guid(12736c98af174f91827a26b66d2b01b9) Importer(815301076,1909f56bfc062723c751e8b465ee728b)
Start importing Packages/com.unity.textmeshpro/Editor Resources/Textures/btn_AlignLeft_Light.psd using Guid(12736c98af174f91827a26b66d2b01b9) Importer(815301076,1909f56bfc062723c751e8b465ee728b)  -> (artifact id: '5d3f145313e061b4db2a5de1e5dcc10e') in 0.029754 seconds
  Import took 0.034687 seconds .

========================================================================
Received Import Request.
  Time since last request: 0.000427 seconds.
  path: Packages/com.unity.textmeshpro/Editor Resources/Textures/btn_AlignCenterGeo_Light.psd
  artifactKey: Guid(35ff0937876540d3bd4b6a941df62a92) Importer(815301076,1909f56bfc062723c751e8b465ee728b)
Start importing Packages/com.unity.textmeshpro/Editor Resources/Textures/btn_AlignCenterGeo_Light.psd using Guid(35ff0937876540d3bd4b6a941df62a92) Importer(815301076,1909f56bfc062723c751e8b465ee728b)  -> (artifact id: 'e3ea2e46c85d97d4abb8f21b9ff58945') in 0.028667 seconds
  Import took 0.034589 seconds .

========================================================================
Received Import Request.
  Time since last request: 0.000539 seconds.
  path: Packages/com.unity.textmeshpro/Editor Resources/Textures/btn_AlignMiddle_Light.psd
  artifactKey: Guid(066619c9c9c84f89acb1b48c11a7efe2) Importer(815301076,1909f56bfc062723c751e8b465ee728b)
Start importing Packages/com.unity.textmeshpro/Editor Resources/Textures/btn_AlignMiddle_Light.psd using Guid(066619c9c9c84f89acb1b48c11a7efe2) Importer(815301076,1909f56bfc062723c751e8b465ee728b)  -> (artifact id: '168ee590c2fd7d6e8fba9c15f3e8dcd1') in 0.040545 seconds
  Import took 0.045275 seconds .

========================================================================
Received Import Request.
  Time since last request: 0.000477 seconds.
  path: Packages/com.unity.textmeshpro/Editor Resources/Textures/btn_AlignJustified_Light.psd
  artifactKey: Guid(fa6bd40a216346b783a4cce741d277a5) Importer(815301076,1909f56bfc062723c751e8b465ee728b)
Start importing Packages/com.unity.textmeshpro/Editor Resources/Textures/btn_AlignJustified_Light.psd using Guid(fa6bd40a216346b783a4cce741d277a5) Importer(815301076,1909f56bfc062723c751e8b465ee728b)  -> (artifact id: '21ead1b1be4194c42ee5137ceed89f5d') in 0.032488 seconds
  Import took 0.037234 seconds .

========================================================================
Received Import Request.
  Time since last request: 0.000453 seconds.
  path: Packages/com.unity.textmeshpro/Editor Resources/Textures/btn_AlignMiddle.psd
  artifactKey: Guid(41b96614b2e6494ba995ddcd252d11ae) Importer(815301076,1909f56bfc062723c751e8b465ee728b)
Start importing Packages/com.unity.textmeshpro/Editor Resources/Textures/btn_AlignMiddle.psd using Guid(41b96614b2e6494ba995ddcd252d11ae) Importer(815301076,1909f56bfc062723c751e8b465ee728b)  -> (artifact id: '3a03c89b247c9abd2d80f874cc1931bd') in 0.046015 seconds
  Import took 0.050914 seconds .

========================================================================
Received Import Request.
  Time since last request: 332.209402 seconds.
  path: Assets/Sprites/Mouse
  artifactKey: Guid(0ebbd917b918bdb49b18ba09ef2e715f) Importer(815301076,1909f56bfc062723c751e8b465ee728b)
Start importing Assets/Sprites/Mouse using Guid(0ebbd917b918bdb49b18ba09ef2e715f) Importer(815301076,1909f56bfc062723c751e8b465ee728b)  -> (artifact id: '9eed78cf63264c87323ea26c2c637216') in 0.010029 seconds
  Import took 0.014148 seconds .

========================================================================
Received Import Request.
  Time since last request: 86.241164 seconds.
  path: Assets/Sprites/Mouse/—Pngtree—aiming circle shooting aiming picture_5466287.png
  artifactKey: Guid(7e9378cb1dcf1fa4bb072333dad7cf2e) Importer(815301076,1909f56bfc062723c751e8b465ee728b)
Start importing Assets/Sprites/Mouse/—Pngtree—aiming circle shooting aiming picture_5466287.png using Guid(7e9378cb1dcf1fa4bb072333dad7cf2e) Importer(815301076,1909f56bfc062723c751e8b465ee728b)  -> (artifact id: 'e2c66fc0c7d851a59da3fa8885a67f4e') in 0.070407 seconds
  Import took 0.075887 seconds .

========================================================================
Received Import Request.
  Time since last request: 17.775285 seconds.
  path: Assets/Sprites/Mouse/—Pngtree—aiming circle shooting aiming picture_5466287.png
  artifactKey: Guid(7e9378cb1dcf1fa4bb072333dad7cf2e) Importer(815301076,1909f56bfc062723c751e8b465ee728b)
Start importing Assets/Sprites/Mouse/—Pngtree—aiming circle shooting aiming picture_5466287.png using Guid(7e9378cb1dcf1fa4bb072333dad7cf2e) Importer(815301076,1909f56bfc062723c751e8b465ee728b)  -> (artifact id: 'e37a798883b61308e3d5cc74b927d9e5') in 0.044067 seconds
  Import took 0.047764 seconds .

========================================================================
Received Prepare
Registering precompiled user dll's ...
Registered in 0.001858 seconds.
Begin MonoManager ReloadAssembly
Native extension for WindowsStandalone target not found
Refreshing native plugins compatible for Editor in 0.55 ms, found 1 plugins.
Preloading 0 native plugins for Editor in 0.00 ms.
Invoked RoslynAnalysisRunner static constructor.
RoslynAnalysisRunner will not be running.
RoslynAnalysisRunner has terminated.
Mono: successfully reloaded assembly
- Completed reload, in  0.939 seconds
Platform modules already initialized, skipping
Refreshing native plugins compatible for Editor in 0.51 ms, found 1 plugins.
Preloading 0 native plugins for Editor in 0.00 ms.
Unloading 1963 Unused Serialized files (Serialized files now loaded: 0)
System memory in use before: 93.3 MB.
System memory in use after: 93.3 MB.

Unloading 13 unused Assets to reduce memory usage. Loaded Objects now: 2425.
Total: 2.729400 ms (FindLiveObjects: 0.319900 ms CreateObjectMapping: 0.108100 ms MarkObjects: 2.180800 ms  DeleteObjects: 0.118600 ms)

========================================================================
Received Import Request.
  Time since last request: 187.139817 seconds.
  path: Assets/Sprites/Mouse/—Pngtree—aim shot sniper vector icon_9067939.png
  artifactKey: Guid(7c3d33a4d9fac5e468601d2cde0b1987) Importer(815301076,1909f56bfc062723c751e8b465ee728b)
Start importing Assets/Sprites/Mouse/—Pngtree—aim shot sniper vector icon_9067939.png using Guid(7c3d33a4d9fac5e468601d2cde0b1987) Importer(815301076,1909f56bfc062723c751e8b465ee728b)  -> (artifact id: '2d5febd3183793e19af3ef2fb94c033a') in 0.049116 seconds
  Import took 0.053403 seconds .

========================================================================
Received Prepare
Registering precompiled user dll's ...
Registered in 0.001425 seconds.
Begin MonoManager ReloadAssembly
Native extension for WindowsStandalone target not found
Refreshing native plugins compatible for Editor in 0.49 ms, found 1 plugins.
Preloading 0 native plugins for Editor in 0.00 ms.
Invoked RoslynAnalysisRunner static constructor.
RoslynAnalysisRunner will not be running.
RoslynAnalysisRunner has terminated.
Mono: successfully reloaded assembly
- Completed reload, in  0.977 seconds
Platform modules already initialized, skipping
Refreshing native plugins compatible for Editor in 0.49 ms, found 1 plugins.
Preloading 0 native plugins for Editor in 0.00 ms.
Unloading 1963 Unused Serialized files (Serialized files now loaded: 0)
System memory in use before: 93.3 MB.
System memory in use after: 93.3 MB.

Unloading 13 unused Assets to reduce memory usage. Loaded Objects now: 2428.
Total: 2.246900 ms (FindLiveObjects: 0.251400 ms CreateObjectMapping: 0.052500 ms MarkObjects: 1.817700 ms  DeleteObjects: 0.123800 ms)

========================================================================
Received Import Request.
  Time since last request: 231.452097 seconds.
  path: Assets/Sprites/Mouse/pngtree-black-ring-aiming-element-image_1175562.jpg
  artifactKey: Guid(d1270bb78d1450544bf5984f5950a621) Importer(815301076,1909f56bfc062723c751e8b465ee728b)
Start importing Assets/Sprites/Mouse/pngtree-black-ring-aiming-element-image_1175562.jpg using Guid(d1270bb78d1450544bf5984f5950a621) Importer(815301076,1909f56bfc062723c751e8b465ee728b)  -> (artifact id: '275b220e4fe047e2fe5fb017f305dbc8') in 0.080193 seconds
  Import took 0.084251 seconds .

========================================================================
Received Prepare
Registering precompiled user dll's ...
Registered in 0.001239 seconds.
Begin MonoManager ReloadAssembly
Native extension for WindowsStandalone target not found
Refreshing native plugins compatible for Editor in 0.49 ms, found 1 plugins.
Preloading 0 native plugins for Editor in 0.00 ms.
Invoked RoslynAnalysisRunner static constructor.
RoslynAnalysisRunner will not be running.
RoslynAnalysisRunner has terminated.
Mono: successfully reloaded assembly
- Completed reload, in  0.833 seconds
Platform modules already initialized, skipping
Refreshing native plugins compatible for Editor in 0.49 ms, found 1 plugins.
Preloading 0 native plugins for Editor in 0.00 ms.
Unloading 1963 Unused Serialized files (Serialized files now loaded: 0)
System memory in use before: 93.3 MB.
System memory in use after: 93.3 MB.

Unloading 13 unused Assets to reduce memory usage. Loaded Objects now: 2432.
Total: 2.563400 ms (FindLiveObjects: 0.251500 ms CreateObjectMapping: 0.052000 ms MarkObjects: 2.128100 ms  DeleteObjects: 0.130200 ms)

========================================================================
Received Import Request.
  Time since last request: 709.566007 seconds.
  path: Assets/Sprites/Mouse/pngimg.com - aim_PNG26.png
  artifactKey: Guid(9c45bc017a9756749840b60d17744abe) Importer(815301076,1909f56bfc062723c751e8b465ee728b)
Start importing Assets/Sprites/Mouse/pngimg.com - aim_PNG26.png using Guid(9c45bc017a9756749840b60d17744abe) Importer(815301076,1909f56bfc062723c751e8b465ee728b)  -> (artifact id: '5abcf7148fcc8969690d6271dfa498ff') in 0.068967 seconds
  Import took 0.073824 seconds .

========================================================================
Received Import Request.
  Time since last request: 24.245520 seconds.
  path: Assets/Sprites/Mouse/pngimg.com - aim_PNG26.png
  artifactKey: Guid(9c45bc017a9756749840b60d17744abe) Importer(815301076,1909f56bfc062723c751e8b465ee728b)
Start importing Assets/Sprites/Mouse/pngimg.com - aim_PNG26.png using Guid(9c45bc017a9756749840b60d17744abe) Importer(815301076,1909f56bfc062723c751e8b465ee728b)  -> (artifact id: 'e65acabce55c15148896cbf29e3d2532') in 0.022334 seconds
  Import took 0.026829 seconds .

========================================================================
Received Import Request.
  Time since last request: 32.379504 seconds.
  path: Assets/Sprites/Mouse/pngimg.com - aim_PNG26.png
  artifactKey: Guid(9c45bc017a9756749840b60d17744abe) Importer(815301076,1909f56bfc062723c751e8b465ee728b)
Start importing Assets/Sprites/Mouse/pngimg.com - aim_PNG26.png using Guid(9c45bc017a9756749840b60d17744abe) Importer(815301076,1909f56bfc062723c751e8b465ee728b)  -> (artifact id: '7657e11cda7ef300a864d5a4e6766462') in 0.022503 seconds
  Import took 0.026970 seconds .

========================================================================
Received Import Request.
  Time since last request: 11.140042 seconds.
  path: Assets/Sprites/Mouse/pngimg.com - aim_PNG26.png
  artifactKey: Guid(9c45bc017a9756749840b60d17744abe) Importer(815301076,1909f56bfc062723c751e8b465ee728b)
Start importing Assets/Sprites/Mouse/pngimg.com - aim_PNG26.png using Guid(9c45bc017a9756749840b60d17744abe) Importer(815301076,1909f56bfc062723c751e8b465ee728b)  -> (artifact id: '790e03e5d9198433744c881d7fec6c6c') in 0.008572 seconds
  Import took 0.012705 seconds .

========================================================================
Received Import Request.
  Time since last request: 0.016795 seconds.
  path: Assets/Sprites/Mouse/pngimg.com - aim_PNG26.png
  artifactKey: Guid(9c45bc017a9756749840b60d17744abe) Importer(815301076,1909f56bfc062723c751e8b465ee728b)
Start importing Assets/Sprites/Mouse/pngimg.com - aim_PNG26.png using Guid(9c45bc017a9756749840b60d17744abe) Importer(815301076,1909f56bfc062723c751e8b465ee728b)  -> (artifact id: '790e03e5d9198433744c881d7fec6c6c') in 0.011639 seconds
  Import took 0.016829 seconds .

========================================================================
Received Import Request.
  Time since last request: 11.826622 seconds.
  path: Assets/Sprites/Mouse/pngimg.com - aim_PNG26.png
  artifactKey: Guid(9c45bc017a9756749840b60d17744abe) Importer(815301076,1909f56bfc062723c751e8b465ee728b)
Start importing Assets/Sprites/Mouse/pngimg.com - aim_PNG26.png using Guid(9c45bc017a9756749840b60d17744abe) Importer(815301076,1909f56bfc062723c751e8b465ee728b)  -> (artifact id: 'f3842bbb16c16b664bcb1f63f027e044') in 0.008680 seconds
  Import took 0.012318 seconds .

========================================================================
Received Import Request.
  Time since last request: 0.020155 seconds.
  path: Assets/Sprites/Mouse/pngimg.com - aim_PNG26.png
  artifactKey: Guid(9c45bc017a9756749840b60d17744abe) Importer(815301076,1909f56bfc062723c751e8b465ee728b)
Start importing Assets/Sprites/Mouse/pngimg.com - aim_PNG26.png using Guid(9c45bc017a9756749840b60d17744abe) Importer(815301076,1909f56bfc062723c751e8b465ee728b)  -> (artifact id: 'f3842bbb16c16b664bcb1f63f027e044') in 0.014725 seconds
  Import took 0.018969 seconds .

========================================================================
Received Import Request.
  Time since last request: 19.617206 seconds.
  path: Assets/Sprites/Mouse/pngimg.com - aim_PNG26.png
  artifactKey: Guid(9c45bc017a9756749840b60d17744abe) Importer(815301076,1909f56bfc062723c751e8b465ee728b)
Start importing Assets/Sprites/Mouse/pngimg.com - aim_PNG26.png using Guid(9c45bc017a9756749840b60d17744abe) Importer(815301076,1909f56bfc062723c751e8b465ee728b)  -> (artifact id: 'd8cc503480560e74d97eaf156dce254f') in 0.008609 seconds
  Import took 0.013591 seconds .

========================================================================
Received Import Request.
  Time since last request: 0.009290 seconds.
  path: Assets/Sprites/Mouse/pngimg.com - aim_PNG26.png
  artifactKey: Guid(9c45bc017a9756749840b60d17744abe) Importer(815301076,1909f56bfc062723c751e8b465ee728b)
Start importing Assets/Sprites/Mouse/pngimg.com - aim_PNG26.png using Guid(9c45bc017a9756749840b60d17744abe) Importer(815301076,1909f56bfc062723c751e8b465ee728b)  -> (artifact id: 'd8cc503480560e74d97eaf156dce254f') in 0.025706 seconds
  Import took 0.029402 seconds .

========================================================================
Received Import Request.
  Time since last request: 67.856694 seconds.
  path: Assets/Sprites/Mouse/png-transparent-computer-icons-aim-bullseye-desktop-wallpaper-reticle-thumbnail.png
  artifactKey: Guid(fdc048cfd516ad94a956277c6d98e0a2) Importer(815301076,1909f56bfc062723c751e8b465ee728b)
Start importing Assets/Sprites/Mouse/png-transparent-computer-icons-aim-bullseye-desktop-wallpaper-reticle-thumbnail.png using Guid(fdc048cfd516ad94a956277c6d98e0a2) Importer(815301076,1909f56bfc062723c751e8b465ee728b)  -> (artifact id: '3963f152078e4021cfb19caf7b878768') in 0.024182 seconds
  Import took 0.030942 seconds .

========================================================================
Received Import Request.
  Time since last request: 16.069520 seconds.
  path: Assets/Sprites/Mouse/png-transparent-computer-icons-aim-bullseye-desktop-wallpaper-reticle-thumbnail.png
  artifactKey: Guid(fdc048cfd516ad94a956277c6d98e0a2) Importer(815301076,1909f56bfc062723c751e8b465ee728b)
Start importing Assets/Sprites/Mouse/png-transparent-computer-icons-aim-bullseye-desktop-wallpaper-reticle-thumbnail.png using Guid(fdc048cfd516ad94a956277c6d98e0a2) Importer(815301076,1909f56bfc062723c751e8b465ee728b)  -> (artifact id: '6fd83f11e28f1ef8f55e4daaf92ad4d7') in 0.018994 seconds
  Import took 0.023783 seconds .

========================================================================
Received Import Request.
  Time since last request: 148.908394 seconds.
  path: Assets/Sprites/Mouse/pngtree-black-ring-aiming-element-image_1175562.jpg
  artifactKey: Guid(d1270bb78d1450544bf5984f5950a621) Importer(815301076,1909f56bfc062723c751e8b465ee728b)
Start importing Assets/Sprites/Mouse/pngtree-black-ring-aiming-element-image_1175562.jpg using Guid(d1270bb78d1450544bf5984f5950a621) Importer(815301076,1909f56bfc062723c751e8b465ee728b)  -> (artifact id: '432df3e99ea935af93a3ea51e630558b') in 0.016232 seconds
  Import took 0.020834 seconds .

========================================================================
Received Import Request.
  Time since last request: 1272.751846 seconds.
  path: Assets/Scenes/Lvl5.unity
  artifactKey: Guid(7c8b2cd9275e8e847a53078c7d9b8951) Importer(815301076,1909f56bfc062723c751e8b465ee728b)
Start importing Assets/Scenes/Lvl5.unity using Guid(7c8b2cd9275e8e847a53078c7d9b8951) Importer(815301076,1909f56bfc062723c751e8b465ee728b)  -> (artifact id: 'a0bfa391df68aa2c351bf5bbe8c729c6') in 0.013381 seconds
  Import took 0.017713 seconds .

========================================================================
Received Prepare
Registering precompiled user dll's ...
Registered in 0.001141 seconds.
Begin MonoManager ReloadAssembly
Native extension for WindowsStandalone target not found
Refreshing native plugins compatible for Editor in 0.68 ms, found 1 plugins.
Preloading 0 native plugins for Editor in 0.00 ms.
Invoked RoslynAnalysisRunner static constructor.
RoslynAnalysisRunner will not be running.
RoslynAnalysisRunner has terminated.
Mono: successfully reloaded assembly
- Completed reload, in  0.955 seconds
Platform modules already initialized, skipping
Refreshing native plugins compatible for Editor in 0.60 ms, found 1 plugins.
Preloading 0 native plugins for Editor in 0.00 ms.
Unloading 1963 Unused Serialized files (Serialized files now loaded: 0)
System memory in use before: 93.4 MB.
System memory in use after: 93.4 MB.

Unloading 13 unused Assets to reduce memory usage. Loaded Objects now: 2436.
Total: 2.938800 ms (FindLiveObjects: 0.343500 ms CreateObjectMapping: 0.065600 ms MarkObjects: 2.337500 ms  DeleteObjects: 0.189500 ms)

========================================================================
Received Prepare
Registering precompiled user dll's ...
Registered in 0.001522 seconds.
Begin MonoManager ReloadAssembly
Native extension for WindowsStandalone target not found
Refreshing native plugins compatible for Editor in 0.48 ms, found 1 plugins.
Preloading 0 native plugins for Editor in 0.00 ms.
Invoked RoslynAnalysisRunner static constructor.
RoslynAnalysisRunner will not be running.
RoslynAnalysisRunner has terminated.
Mono: successfully reloaded assembly
- Completed reload, in  0.877 seconds
Platform modules already initialized, skipping
Refreshing native plugins compatible for Editor in 0.63 ms, found 1 plugins.
Preloading 0 native plugins for Editor in 0.00 ms.
Unloading 1963 Unused Serialized files (Serialized files now loaded: 0)
System memory in use before: 93.4 MB.
System memory in use after: 93.4 MB.

Unloading 13 unused Assets to reduce memory usage. Loaded Objects now: 2439.
Total: 2.781400 ms (FindLiveObjects: 0.339700 ms CreateObjectMapping: 0.100200 ms MarkObjects: 2.204000 ms  DeleteObjects: 0.134700 ms)

AssetImportWorkerClient::OnTransportError - code=2 error=End of file
